[debug] [2025-02-06T10:34:51.316Z] ----------------------------------------------------------------------
[debug] [2025-02-06T10:34:51.321Z] Command:       C:\Program Files\nodejs\node.exe C:\Users\Asus\AppData\Roaming\npm\node_modules\firebase-tools\lib\bin\firebase.js deploy
[debug] [2025-02-06T10:34:51.322Z] CLI Version:   11.20.0
[debug] [2025-02-06T10:34:51.322Z] Platform:      win32
[debug] [2025-02-06T10:34:51.322Z] Node Version:  v20.18.0
[debug] [2025-02-06T10:34:51.322Z] Time:          Thu Feb 06 2025 17:34:51 GMT+0700 (Indochina Time)
[debug] [2025-02-06T10:34:51.323Z] ----------------------------------------------------------------------
[debug] 
[debug] [2025-02-06T10:34:51.329Z] >>> [apiv2][query] GET https://firebase-public.firebaseio.com/cli.json [none]
[debug] [2025-02-06T10:34:51.560Z] > command requires scopes: ["email","openid","https://www.googleapis.com/auth/cloudplatformprojects.readonly","https://www.googleapis.com/auth/firebase","https://www.googleapis.com/auth/cloud-platform"]
[debug] [2025-02-06T10:34:51.561Z] > authorizing via signed-in user (ducnv@bachasoft.com)
[debug] [2025-02-06T10:34:51.561Z] [iam] checking project weather-web-e92bf for permissions ["firebase.projects.get","firebasehosting.sites.update"]
[debug] [2025-02-06T10:34:51.563Z] > refreshing access token with scopes: []
[debug] [2025-02-06T10:34:51.564Z] >>> [apiv2][query] POST https://www.googleapis.com/oauth2/v3/token [none]
[debug] [2025-02-06T10:34:51.565Z] >>> [apiv2][body] POST https://www.googleapis.com/oauth2/v3/token [omitted]
[debug] [2025-02-06T10:34:51.702Z] <<< [apiv2][status] POST https://www.googleapis.com/oauth2/v3/token 400
[debug] [2025-02-06T10:34:51.702Z] <<< [apiv2][body] POST https://www.googleapis.com/oauth2/v3/token [omitted]
[debug] [2025-02-06T10:34:51.702Z] >>> [apiv2][query] POST https://cloudresourcemanager.googleapis.com/v1/projects/weather-web-e92bf:testIamPermissions [none]
[debug] [2025-02-06T10:34:51.703Z] >>> [apiv2][(partial)header] POST https://cloudresourcemanager.googleapis.com/v1/projects/weather-web-e92bf:testIamPermissions x-goog-quota-user=projects/weather-web-e92bf
[debug] [2025-02-06T10:34:51.703Z] >>> [apiv2][body] POST https://cloudresourcemanager.googleapis.com/v1/projects/weather-web-e92bf:testIamPermissions {"permissions":["firebase.projects.get","firebasehosting.sites.update"]}
[debug] [2025-02-06T10:34:52.040Z] <<< [apiv2][status] GET https://firebase-public.firebaseio.com/cli.json 200
[debug] [2025-02-06T10:34:52.040Z] <<< [apiv2][body] GET https://firebase-public.firebaseio.com/cli.json {"cloudBuildErrorAfter":1594252800000,"cloudBuildWarnAfter":1590019200000,"defaultNode10After":1594252800000,"minVersion":"3.0.5","node8DeploysDisabledAfter":1613390400000,"node8RuntimeDisabledAfter":1615809600000,"node8WarnAfter":1600128000000}
[debug] [2025-02-06T10:34:52.658Z] <<< [apiv2][status] POST https://cloudresourcemanager.googleapis.com/v1/projects/weather-web-e92bf:testIamPermissions 401
[debug] [2025-02-06T10:34:52.658Z] <<< [apiv2][body] POST https://cloudresourcemanager.googleapis.com/v1/projects/weather-web-e92bf:testIamPermissions {"error":{"code":401,"message":"Request had invalid authentication credentials. Expected OAuth 2 access token, login cookie or other valid authentication credential. See https://developers.google.com/identity/sign-in/web/devconsole-project.","status":"UNAUTHENTICATED","details":[{"@type":"type.googleapis.com/google.rpc.ErrorInfo","reason":"ACCESS_TOKEN_TYPE_UNSUPPORTED","metadata":{"service":"cloudresourcemanager.googleapis.com","method":"google.cloudresourcemanager.v1.Projects.TestIamPermissions"}}]}}
[debug] [2025-02-06T10:34:52.660Z] [iam] error while checking permissions, command may fail: FirebaseError: HTTP Error: 401, Request had invalid authentication credentials. Expected OAuth 2 access token, login cookie or other valid authentication credential. See https://developers.google.com/identity/sign-in/web/devconsole-project.
[debug] [2025-02-06T10:34:52.661Z] > refreshing access token with scopes: []
[debug] [2025-02-06T10:34:52.661Z] >>> [apiv2][query] POST https://www.googleapis.com/oauth2/v3/token [none]
[debug] [2025-02-06T10:34:52.662Z] >>> [apiv2][body] POST https://www.googleapis.com/oauth2/v3/token [omitted]
[debug] [2025-02-06T10:34:52.767Z] <<< [apiv2][status] POST https://www.googleapis.com/oauth2/v3/token 400
[debug] [2025-02-06T10:34:52.768Z] <<< [apiv2][body] POST https://www.googleapis.com/oauth2/v3/token [omitted]
[debug] [2025-02-06T10:34:52.769Z] >>> [apiv2][query] GET https://firebase.googleapis.com/v1beta1/projects/weather-web-e92bf [none]
[debug] [2025-02-06T10:34:52.931Z] <<< [apiv2][status] GET https://firebase.googleapis.com/v1beta1/projects/weather-web-e92bf 401
[debug] [2025-02-06T10:34:52.931Z] <<< [apiv2][body] GET https://firebase.googleapis.com/v1beta1/projects/weather-web-e92bf {"error":{"code":401,"message":"Request had invalid authentication credentials. Expected OAuth 2 access token, login cookie or other valid authentication credential. See https://developers.google.com/identity/sign-in/web/devconsole-project.","status":"UNAUTHENTICATED"}}
[debug] [2025-02-06T10:34:52.932Z] HTTP Error: 401, Request had invalid authentication credentials. Expected OAuth 2 access token, login cookie or other valid authentication credential. See https://developers.google.com/identity/sign-in/web/devconsole-project.
[debug] [2025-02-06T10:34:53.273Z] FirebaseError: HTTP Error: 401, Request had invalid authentication credentials. Expected OAuth 2 access token, login cookie or other valid authentication credential. See https://developers.google.com/identity/sign-in/web/devconsole-project.
    at responseToError (C:\Users\Asus\AppData\Roaming\npm\node_modules\firebase-tools\lib\responseToError.js:49:12)
    at RetryOperation._fn (C:\Users\Asus\AppData\Roaming\npm\node_modules\firebase-tools\lib\apiv2.js:288:77)
    at process.processTicksAndRejections (node:internal/process/task_queues:95:5)
[error] 
[error] Error: Failed to get Firebase project weather-web-e92bf. Please make sure the project exists and your account has permission to access it.
